[handleMsg]:  {
  key: {
    remoteJid: '59172823861@s.whatsapp.net',
    fromMe: false,
    id: '3EB022E4D0A4519243944C',
    participant: undefined
  },
  messageTimestamp: 1691791755,
  pushName: 'Iptv Bolivia',
  broadcast: false,
  message: Message {
    extendedTextMessage: ExtendedTextMessage {
      text: '1',
      contextInfo: [ContextInfo],
      inviteLinkGroupTypeV2: 0
    },
    messageContextInfo: MessageContextInfo {
      deviceListMetadata: [DeviceListMetadata],
      deviceListMetadataVersion: 2
    }
  },
  body: '1',
  from: '59172823861'
}
[handleMsg]:  {
  key: {
    remoteJid: '59172823861@s.whatsapp.net',
    fromMe: false,
    id: '3EB000BA013540F54B62E8',
    participant: undefined
  },
  messageTimestamp: 1691791758,
  pushName: 'Iptv Bolivia',
  broadcast: false,
  message: Message {
    extendedTextMessage: ExtendedTextMessage {
      text: '2',
      contextInfo: [ContextInfo],
      inviteLinkGroupTypeV2: 0
    },
    messageContextInfo: MessageContextInfo {
      deviceListMetadata: [DeviceListMetadata],
      deviceListMetadataVersion: 2
    }
  },
  body: '2',
  from: '59172823861'
}
[handleMsg]:  {
  key: {
    remoteJid: '59172823861@s.whatsapp.net',
    fromMe: false,
    id: '3EB0004164F9F7FA4454AD',
    participant: undefined
  },
  messageTimestamp: 1691791851,
  pushName: 'Iptv Bolivia',
  broadcast: false,
  message: Message {
    extendedTextMessage: ExtendedTextMessage {
      text: 'como',
      contextInfo: [ContextInfo],
      inviteLinkGroupTypeV2: 0
    },
    messageContextInfo: MessageContextInfo {
      deviceListMetadata: [DeviceListMetadata],
      deviceListMetadataVersion: 2
    }
  },
  body: 'como',
  from: '59172823861'
}
[handleMsg]:  {
  key: {
    remoteJid: '59172823861@s.whatsapp.net',
    fromMe: false,
    id: '3EB007D7D4140775E66DC2',
    participant: undefined
  },
  messageTimestamp: 1691791856,
  pushName: 'Iptv Bolivia',
  broadcast: false,
  message: Message {
    extendedTextMessage: ExtendedTextMessage {
      text: '4',
      contextInfo: [ContextInfo],
      inviteLinkGroupTypeV2: 0
    },
    messageContextInfo: MessageContextInfo {
      deviceListMetadata: [DeviceListMetadata],
      deviceListMetadataVersion: 2
    }
  },
  body: '4',
  from: '59172823861'
}
[handleMsg]:  {
  key: {
    remoteJid: '59172823861@s.whatsapp.net',
    fromMe: false,
    id: '3EB076645F9AB4BDF046E3',
    participant: undefined
  },
  messageTimestamp: 1691791870,
  pushName: 'Iptv Bolivia',
  broadcast: false,
  message: Message {
    extendedTextMessage: ExtendedTextMessage {
      text: '3',
      contextInfo: [ContextInfo],
      inviteLinkGroupTypeV2: 0
    },
    messageContextInfo: MessageContextInfo {
      deviceListMetadata: [DeviceListMetadata],
      deviceListMetadataVersion: 2
    }
  },
  body: '3',
  from: '59172823861'
}
[handleMsg]:  {
  key: {
    remoteJid: '59172823861@s.whatsapp.net',
    fromMe: false,
    id: '3EB04322BE61AC95D2D649',
    participant: undefined
  },
  messageTimestamp: 1691791931,
  pushName: 'Iptv Bolivia',
  broadcast: false,
  message: Message {
    extendedTextMessage: ExtendedTextMessage {
      text: '3',
      contextInfo: [ContextInfo],
      inviteLinkGroupTypeV2: 0
    },
    messageContextInfo: MessageContextInfo {
      deviceListMetadata: [DeviceListMetadata],
      deviceListMetadataVersion: 2
    }
  },
  body: '3',
  from: '59172823861'
}
[handleMsg]:  {
  key: {
    remoteJid: '59172823861@s.whatsapp.net',
    fromMe: false,
    id: '3EB0C321D3BC07773FC162',
    participant: undefined
  },
  messageTimestamp: 1691792092,
  pushName: 'Iptv Bolivia',
  broadcast: false,
  message: Message {
    extendedTextMessage: ExtendedTextMessage {
      text: '3',
      contextInfo: [ContextInfo],
      inviteLinkGroupTypeV2: 0
    },
    messageContextInfo: MessageContextInfo {
      deviceListMetadata: [DeviceListMetadata],
      deviceListMetadataVersion: 2
    }
  },
  body: '3',
  from: '59172823861'
}
[handleMsg]:  {
  key: {
    remoteJid: '59172823861@s.whatsapp.net',
    fromMe: false,
    id: '3EB025B68218084F5838CE',
    participant: undefined
  },
  messageTimestamp: 1691792145,
  pushName: 'Iptv Bolivia',
  broadcast: false,
  message: Message {
    extendedTextMessage: ExtendedTextMessage {
      text: '2',
      contextInfo: [ContextInfo],
      inviteLinkGroupTypeV2: 0
    },
    messageContextInfo: MessageContextInfo {
      deviceListMetadata: [DeviceListMetadata],
      deviceListMetadataVersion: 2
    }
  },
  body: '2',
  from: '59172823861'
}
[handleMsg]:  {
  key: {
    remoteJid: '59172823861@s.whatsapp.net',
    fromMe: false,
    id: '3EB05CB2DB1444F209A45F',
    participant: undefined
  },
  messageTimestamp: 1691792153,
  pushName: 'Iptv Bolivia',
  broadcast: false,
  message: Message {
    extendedTextMessage: ExtendedTextMessage {
      text: '1',
      contextInfo: [ContextInfo],
      inviteLinkGroupTypeV2: 0
    },
    messageContextInfo: MessageContextInfo {
      deviceListMetadata: [DeviceListMetadata],
      deviceListMetadataVersion: 2
    }
  },
  body: '1',
  from: '59172823861'
}
[handleMsg]:  {
  key: {
    remoteJid: '59172823861@s.whatsapp.net',
    fromMe: false,
    id: '3EB0063856E0673CBFD9A7',
    participant: undefined
  },
  messageTimestamp: 1691792177,
  pushName: 'Iptv Bolivia',
  broadcast: false,
  message: Message {
    extendedTextMessage: ExtendedTextMessage {
      text: '1',
      contextInfo: [ContextInfo],
      inviteLinkGroupTypeV2: 0
    },
    messageContextInfo: MessageContextInfo {
      deviceListMetadata: [DeviceListMetadata],
      deviceListMetadataVersion: 2
    }
  },
  body: '1',
  from: '59172823861'
}
[handleMsg]:  {
  key: {
    remoteJid: '59172823861@s.whatsapp.net',
    fromMe: false,
    id: '3EB0F66E82E3071B377EE2',
    participant: undefined
  },
  messageTimestamp: 1691792259,
  pushName: 'Iptv Bolivia',
  broadcast: false,
  message: Message {
    extendedTextMessage: ExtendedTextMessage {
      text: '1',
      contextInfo: [ContextInfo],
      inviteLinkGroupTypeV2: 0
    },
    messageContextInfo: MessageContextInfo {
      deviceListMetadata: [DeviceListMetadata],
      deviceListMetadataVersion: 2
    }
  },
  body: '1',
  from: '59172823861'
}
[handleMsg]:  {
  key: {
    remoteJid: '59172823861@s.whatsapp.net',
    fromMe: false,
    id: '3EB0C945AC52103016983A',
    participant: undefined
  },
  messageTimestamp: 1691792302,
  pushName: 'Iptv Bolivia',
  broadcast: false,
  message: Message {
    extendedTextMessage: ExtendedTextMessage {
      text: '1',
      contextInfo: [ContextInfo],
      inviteLinkGroupTypeV2: 0
    },
    messageContextInfo: MessageContextInfo {
      deviceListMetadata: [DeviceListMetadata],
      deviceListMetadataVersion: 2
    }
  },
  body: '1',
  from: '59172823861'
}
[handleMsg]:  {
  key: {
    remoteJid: '59172823861@s.whatsapp.net',
    fromMe: false,
    id: '3EB08E272FC10A4E09B08E',
    participant: undefined
  },
  messageTimestamp: 1691792347,
  pushName: 'Iptv Bolivia',
  broadcast: false,
  message: Message {
    extendedTextMessage: ExtendedTextMessage {
      text: '2',
      contextInfo: [ContextInfo],
      inviteLinkGroupTypeV2: 0
    },
    messageContextInfo: MessageContextInfo {
      deviceListMetadata: [DeviceListMetadata],
      deviceListMetadataVersion: 2
    }
  },
  body: '2',
  from: '59172823861'
}
[handleMsg]:  {
  key: {
    remoteJid: '59172823861@s.whatsapp.net',
    fromMe: false,
    id: '3EB06723DBFEC74DDD69AA',
    participant: undefined
  },
  messageTimestamp: 1691792419,
  pushName: 'Iptv Bolivia',
  broadcast: false,
  message: Message {
    extendedTextMessage: ExtendedTextMessage {
      text: '4',
      contextInfo: [ContextInfo],
      inviteLinkGroupTypeV2: 0
    },
    messageContextInfo: MessageContextInfo {
      deviceListMetadata: [DeviceListMetadata],
      deviceListMetadataVersion: 2
    }
  },
  body: '4',
  from: '59172823861'
}
[handleMsg]:  {
  key: {
    remoteJid: '59172823861@s.whatsapp.net',
    fromMe: false,
    id: '3EB021891998E2AD428E35',
    participant: undefined
  },
  messageTimestamp: 1691792450,
  pushName: 'Iptv Bolivia',
  broadcast: false,
  message: Message {
    extendedTextMessage: ExtendedTextMessage {
      text: '4',
      contextInfo: [ContextInfo],
      inviteLinkGroupTypeV2: 0
    },
    messageContextInfo: MessageContextInfo {
      deviceListMetadata: [DeviceListMetadata],
      deviceListMetadataVersion: 2
    }
  },
  body: '4',
  from: '59172823861'
}
[handleMsg]:  {
  key: {
    remoteJid: '59172823861@s.whatsapp.net',
    fromMe: false,
    id: '3EB01D518AC94E73D195C4',
    participant: undefined
  },
  messageTimestamp: 1691792513,
  pushName: 'Iptv Bolivia',
  broadcast: false,
  message: Message {
    extendedTextMessage: ExtendedTextMessage {
      text: '1',
      contextInfo: [ContextInfo],
      inviteLinkGroupTypeV2: 0
    },
    messageContextInfo: MessageContextInfo {
      deviceListMetadata: [DeviceListMetadata],
      deviceListMetadataVersion: 2
    }
  },
  body: '1',
  from: '59172823861'
}
[handleMsg]:  {
  key: {
    remoteJid: '59172823861@s.whatsapp.net',
    fromMe: false,
    id: '3EB089C9F8F11E3BE36242',
    participant: undefined
  },
  messageTimestamp: 1691792570,
  pushName: 'Iptv Bolivia',
  broadcast: false,
  message: Message {
    extendedTextMessage: ExtendedTextMessage {
      text: '🤔',
      contextInfo: [ContextInfo],
      inviteLinkGroupTypeV2: 0
    },
    messageContextInfo: MessageContextInfo {
      deviceListMetadata: [DeviceListMetadata],
      deviceListMetadataVersion: 2
    }
  },
  body: '🤔',
  from: '59172823861'
}
